This is pdfTeX, Version 3.14159265-2.6-1.40.17 (TeX Live 2016) (preloaded format=pdflatex 2016.10.3)  29 NOV 2016 22:51
entering extended mode
 restricted \write18 enabled.
 %&-line parsing enabled.
**sparse-matrix.tex
(./sparse-matrix.tex
LaTeX2e <2016/03/31>
Babel <3.9r> and hyphenation patterns for 83 language(s) loaded.
(/usr/local/texlive/2016/texmf-dist/tex/latex/base/article.cls
Document Class: article 2014/09/29 v1.4h Standard LaTeX document class
(/usr/local/texlive/2016/texmf-dist/tex/latex/base/size10.clo
File: size10.clo 2014/09/29 v1.4h Standard LaTeX file (size option)
)
\c@part=\count79
\c@section=\count80
\c@subsection=\count81
\c@subsubsection=\count82
\c@paragraph=\count83
\c@subparagraph=\count84
\c@figure=\count85
\c@table=\count86
\abovecaptionskip=\skip41
\belowcaptionskip=\skip42
\bibindent=\dimen102
)
(/usr/local/texlive/2016/texmf-dist/tex/latex/base/inputenc.sty
Package: inputenc 2015/03/17 v1.2c Input encoding file
\inpenc@prehook=\toks14
\inpenc@posthook=\toks15

(/usr/local/texlive/2016/texmf-dist/tex/latex/base/latin9.def
File: latin9.def 2015/03/17 v1.2c Input encoding file
))
(/usr/local/texlive/2016/texmf-dist/tex/latex/psnfss/courier.sty
Package: courier 2005/04/12 PSNFSS-v9.2a (WaS) 
)
(/usr/local/texlive/2016/texmf-dist/tex/generic/babel/babel.sty
Package: babel 2016/04/23 3.9r The Babel package

(/usr/local/texlive/2016/texmf-dist/tex/generic/babel-english/english.ldf
Language: english 2012/08/20 v3.3p English support from the babel system

(/usr/local/texlive/2016/texmf-dist/tex/generic/babel/babel.def
File: babel.def 2016/04/23 3.9r Babel common definitions
\babel@savecnt=\count87
\U@D=\dimen103
)
\l@canadian = a dialect from \language\l@american 
\l@australian = a dialect from \language\l@british 
\l@newzealand = a dialect from \language\l@british 
))
(/usr/local/texlive/2016/texmf-dist/tex/latex/listings/listings.sty
(/usr/local/texlive/2016/texmf-dist/tex/latex/graphics/keyval.sty
Package: keyval 2014/10/28 v1.15 key=value parser (DPC)
\KV@toks@=\toks16
)
\lst@mode=\count88
\lst@gtempboxa=\box26
\lst@token=\toks17
\lst@length=\count89
\lst@currlwidth=\dimen104
\lst@column=\count90
\lst@pos=\count91
\lst@lostspace=\dimen105
\lst@width=\dimen106
\lst@newlines=\count92
\lst@lineno=\count93
\lst@maxwidth=\dimen107

(/usr/local/texlive/2016/texmf-dist/tex/latex/listings/lstmisc.sty
File: lstmisc.sty 2015/06/04 1.6 (Carsten Heinz)
\c@lstnumber=\count94
\lst@skipnumbers=\count95
\lst@framebox=\box27
)
(/usr/local/texlive/2016/texmf-dist/tex/latex/listings/listings.cfg
File: listings.cfg 2015/06/04 1.6 listings configuration
))
Package: listings 2015/06/04 1.6 (Carsten Heinz)

(./sparse-matrix.aux)
\openout1 = `sparse-matrix.aux'.

LaTeX Font Info:    Checking defaults for OML/cmm/m/it on input line 23.
LaTeX Font Info:    ... okay on input line 23.
LaTeX Font Info:    Checking defaults for T1/cmr/m/n on input line 23.
LaTeX Font Info:    ... okay on input line 23.
LaTeX Font Info:    Checking defaults for OT1/cmr/m/n on input line 23.
LaTeX Font Info:    ... okay on input line 23.
LaTeX Font Info:    Checking defaults for OMS/cmsy/m/n on input line 23.
LaTeX Font Info:    ... okay on input line 23.
LaTeX Font Info:    Checking defaults for OMX/cmex/m/n on input line 23.
LaTeX Font Info:    ... okay on input line 23.
LaTeX Font Info:    Checking defaults for U/cmr/m/n on input line 23.
LaTeX Font Info:    ... okay on input line 23.
\c@lstlisting=\count96
LaTeX Font Info:    External font `cmex10' loaded for size
(Font)              <12> on input line 30.
LaTeX Font Info:    External font `cmex10' loaded for size
(Font)              <8> on input line 30.
LaTeX Font Info:    External font `cmex10' loaded for size
(Font)              <6> on input line 30.
LaTeX Font Info:    External font `cmex10' loaded for size
(Font)              <9> on input line 34.
LaTeX Font Info:    External font `cmex10' loaded for size
(Font)              <5> on input line 34.
 [1

{/usr/local/texlive/2016/texmf-var/fonts/map/pdftex/updmap/pdftex.map}]
LaTeX Font Info:    External font `cmex10' loaded for size
(Font)              <7> on input line 45.

Overfull \hbox (0.88637pt too wide) in paragraph at lines 55--55
[]\OT1/cmr/bx/n/14.4 Representation of Sparse Ma-trix Us-ing Linked
 []

LaTeX Font Info:    Try loading font information for OT1+pcr on input line 83.
(/usr/local/texlive/2016/texmf-dist/tex/latex/psnfss/ot1pcr.fd
File: ot1pcr.fd 2001/06/04 font definitions for OT1/pcr.
)
LaTeX Font Info:    Try loading font information for OMS+pcr on input line 84.

(/usr/local/texlive/2016/texmf-dist/tex/latex/psnfss/omspcr.fd
File: omspcr.fd 
)
LaTeX Font Info:    Font shape `OMS/pcr/m/n' in size <10> not available
(Font)              Font shape `OMS/cmsy/m/n' tried instead on input line 84.
 [2]
Overfull \hbox (6.06796pt too wide) in paragraph at lines 111--111
[]\OT1/cmr/bx/n/14.4 Advantages and Dis-ad-van-tages of Us-ing Linked
 []


Overfull \hbox (0.41736pt too wide) in paragraph at lines 128--130
\OT1/cmr/m/n/10 The out-put of the pro-gram is writ-ten in two file - out-put2a
.dat and out-put2b.dat. 
 []

(/usr/local/texlive/2016/texmf-dist/tex/latex/listings/lstlang1.sty
File: lstlang1.sty 2015/06/04 1.6 listings language file
)
(/usr/local/texlive/2016/texmf-dist/tex/latex/listings/lstmisc.sty
File: lstmisc.sty 2015/06/04 1.6 (Carsten Heinz)
)
(./sparse-matrix.c
LaTeX Font Info:    Font shape `OT1/pcr/m/it' in size <8> not available
(Font)              Font shape `OT1/pcr/m/sl' tried instead on input line 1.
LaTeX Font Info:    Font shape `OT1/pcr/bx/n' in size <8> not available
(Font)              Font shape `OT1/pcr/b/n' tried instead on input line 7.
 [3] [4] [5] [6]) [7] (./sparse-matrix.aux) ) 
Here is how much of TeX's memory you used:
 2602 strings out of 493014
 33889 string characters out of 6133351
 194347 words of memory out of 5000000
 6157 multiletter control sequences out of 15000+600000
 10969 words of font info for 39 fonts, out of 8000000 for 9000
 1141 hyphenation exceptions out of 8191
 26i,6n,49p,198b,1644s stack positions out of 5000i,500n,10000p,200000b,80000s
{/usr/local/texlive/2016/texmf-dis
t/fonts/enc/dvips/base/8r.enc}</usr/local/texlive/2016/texmf-dist/fonts/type1/p
ublic/amsfonts/cm/cmbx12.pfb></usr/local/texlive/2016/texmf-dist/fonts/type1/pu
blic/amsfonts/cm/cmbx9.pfb></usr/local/texlive/2016/texmf-dist/fonts/type1/publ
ic/amsfonts/cm/cmex10.pfb></usr/local/texlive/2016/texmf-dist/fonts/type1/publi
c/amsfonts/cm/cmmi10.pfb></usr/local/texlive/2016/texmf-dist/fonts/type1/public
/amsfonts/cm/cmmi6.pfb></usr/local/texlive/2016/texmf-dist/fonts/type1/public/a
msfonts/cm/cmmi7.pfb></usr/local/texlive/2016/texmf-dist/fonts/type1/public/ams
fonts/cm/cmmi9.pfb></usr/local/texlive/2016/texmf-dist/fonts/type1/public/amsfo
nts/cm/cmr10.pfb></usr/local/texlive/2016/texmf-dist/fonts/type1/public/amsfont
s/cm/cmr12.pfb></usr/local/texlive/2016/texmf-dist/fonts/type1/public/amsfonts/
cm/cmr17.pfb></usr/local/texlive/2016/texmf-dist/fonts/type1/public/amsfonts/cm
/cmr8.pfb></usr/local/texlive/2016/texmf-dist/fonts/type1/public/amsfonts/cm/cm
r9.pfb></usr/local/texlive/2016/texmf-dist/fonts/type1/public/amsfonts/cm/cmsy1
0.pfb></usr/local/texlive/2016/texmf-dist/fonts/type1/urw/courier/ucrb8a.pfb></
usr/local/texlive/2016/texmf-dist/fonts/type1/urw/courier/ucrr8a.pfb></usr/loca
l/texlive/2016/texmf-dist/fonts/type1/urw/courier/ucrro8a.pfb>
Output written on sparse-matrix.pdf (7 pages, 183587 bytes).
PDF statistics:
 93 PDF objects out of 1000 (max. 8388607)
 67 compressed objects within 1 object stream
 0 named destinations out of 1000 (max. 500000)
 1 words of extra memory for PDF output out of 10000 (max. 10000000)

